[WARNING] 2025-11-16 06:41:31,460 log Not Found: /cgi-bin/luci/;stok=/locale
[WARNING] 2025-11-16 06:57:40,087 log Not Found: /favicon.ico
[WARNING] 2025-11-16 06:57:44,634 log Not Found: /security.txt
[WARNING] 2025-11-16 06:58:00,978 log Not Found: /hello.world
[WARNING] 2025-11-16 06:58:01,306 log Forbidden (CSRF cookie not set.): /
[WARNING] 2025-11-16 06:58:01,632 log Not Found: /vendor/phpunit/phpunit/src/Util/PHP/eval-stdin.php
[WARNING] 2025-11-16 06:58:01,958 log Not Found: /vendor/phpunit/phpunit/Util/PHP/eval-stdin.php
[WARNING] 2025-11-16 06:58:02,279 log Not Found: /vendor/phpunit/src/Util/PHP/eval-stdin.php
[WARNING] 2025-11-16 06:58:02,632 log Not Found: /vendor/phpunit/Util/PHP/eval-stdin.php
[WARNING] 2025-11-16 06:58:03,017 log Not Found: /vendor/phpunit/phpunit/LICENSE/eval-stdin.php
[WARNING] 2025-11-16 06:58:03,408 log Not Found: /vendor/vendor/phpunit/phpunit/src/Util/PHP/eval-stdin.php
[WARNING] 2025-11-16 06:58:03,741 log Not Found: /phpunit/phpunit/src/Util/PHP/eval-stdin.php
[WARNING] 2025-11-16 06:58:04,066 log Not Found: /phpunit/phpunit/Util/PHP/eval-stdin.php
[WARNING] 2025-11-16 06:58:04,435 log Not Found: /phpunit/src/Util/PHP/eval-stdin.php
[WARNING] 2025-11-16 06:58:04,761 log Not Found: /phpunit/Util/PHP/eval-stdin.php
[WARNING] 2025-11-16 06:58:05,123 log Not Found: /lib/phpunit/phpunit/src/Util/PHP/eval-stdin.php
[WARNING] 2025-11-16 06:58:05,451 log Not Found: /lib/phpunit/phpunit/Util/PHP/eval-stdin.php
[WARNING] 2025-11-16 06:58:06,328 log Not Found: /lib/phpunit/src/Util/PHP/eval-stdin.php
[WARNING] 2025-11-16 06:58:08,316 log Not Found: /lib/phpunit/Util/PHP/eval-stdin.php
[WARNING] 2025-11-16 06:58:08,651 log Not Found: /lib/vendor/phpunit/phpunit/src/Util/PHP/eval-stdin.php
[WARNING] 2025-11-16 06:58:09,002 log Not Found: /laravel/vendor/phpunit/phpunit/src/Util/PHP/eval-stdin.php
[WARNING] 2025-11-16 06:58:09,363 log Not Found: /www/vendor/phpunit/phpunit/src/Util/PHP/eval-stdin.php
[WARNING] 2025-11-16 06:58:10,263 log Not Found: /ws/vendor/phpunit/phpunit/src/Util/PHP/eval-stdin.php
[WARNING] 2025-11-16 06:58:10,589 log Not Found: /yii/vendor/phpunit/phpunit/src/Util/PHP/eval-stdin.php
[WARNING] 2025-11-16 06:58:13,183 log Not Found: /zend/vendor/phpunit/phpunit/src/Util/PHP/eval-stdin.php
[WARNING] 2025-11-16 06:58:14,078 log Not Found: /ws/ec/vendor/phpunit/phpunit/src/Util/PHP/eval-stdin.php
[WARNING] 2025-11-16 06:58:14,476 log Not Found: /V2/vendor/phpunit/phpunit/src/Util/PHP/eval-stdin.php
[WARNING] 2025-11-16 06:58:14,803 log Not Found: /tests/vendor/phpunit/phpunit/src/Util/PHP/eval-stdin.php
[WARNING] 2025-11-16 06:58:15,143 log Not Found: /test/vendor/phpunit/phpunit/src/Util/PHP/eval-stdin.php
[WARNING] 2025-11-16 06:58:15,477 log Not Found: /testing/vendor/phpunit/phpunit/src/Util/PHP/eval-stdin.php
[WARNING] 2025-11-16 06:58:15,816 log Not Found: /api/vendor/phpunit/phpunit/src/Util/PHP/eval-stdin.php
[WARNING] 2025-11-16 06:58:16,147 log Not Found: /demo/vendor/phpunit/phpunit/src/Util/PHP/eval-stdin.php
[WARNING] 2025-11-16 06:58:16,485 log Not Found: /cms/vendor/phpunit/phpunit/src/Util/PHP/eval-stdin.php
[WARNING] 2025-11-16 06:58:17,985 log Not Found: /crm/vendor/phpunit/phpunit/src/Util/PHP/eval-stdin.php
[WARNING] 2025-11-16 06:58:18,666 log Not Found: /backup/vendor/phpunit/phpunit/src/Util/PHP/eval-stdin.php
[WARNING] 2025-11-16 06:58:19,001 log Not Found: /blog/vendor/phpunit/phpunit/src/Util/PHP/eval-stdin.php
[WARNING] 2025-11-16 06:58:19,351 log Not Found: /workspace/drupal/vendor/phpunit/phpunit/src/Util/PHP/eval-stdin.php
[WARNING] 2025-11-16 06:58:19,710 log Not Found: /panel/vendor/phpunit/phpunit/src/Util/PHP/eval-stdin.php
[WARNING] 2025-11-16 06:58:20,612 log Not Found: /public/vendor/phpunit/phpunit/src/Util/PHP/eval-stdin.php
[WARNING] 2025-11-16 06:58:21,508 log Not Found: /apps/vendor/phpunit/phpunit/src/Util/PHP/eval-stdin.php
[WARNING] 2025-11-16 06:58:21,960 log Not Found: /app/vendor/phpunit/phpunit/src/Util/PHP/eval-stdin.php
[WARNING] 2025-11-16 06:58:22,306 log Not Found: /index.php
[WARNING] 2025-11-16 06:58:22,650 log Not Found: /public/index.php
[WARNING] 2025-11-16 06:58:23,019 log Not Found: /index.php
[WARNING] 2025-11-16 06:58:23,348 log Not Found: /index.php
[WARNING] 2025-11-16 06:58:23,714 log Not Found: /containers/json
[WARNING] 2025-11-16 07:01:22,282 log Not Found: /robots.txt
[WARNING] 2025-11-16 07:01:28,776 log Not Found: /favicon.ico
[WARNING] 2025-11-16 07:01:30,098 log Not Found: /ws/socket
